Build started 5/8/2018 12:22:38 PM.
     1>Project "C:\Users\sh137738\Documents\Visual Studio 2013\Projects\Dice Test 1\Dice Test 1\Dice Test 1.vcxproj" on node 2 (Build target(s)).
     1>ClCompile:
         C:\Program Files (x86)\Microsoft Visual Studio 12.0\VC\bin\CL.exe /c /ZI /nologo /W3 /WX- /sdl /Od /Oy- /D _MBCS /Gm /EHsc /RTC1 /MDd /GS /fp:precise /Zc:wchar_t /Zc:forScope /Fo"Debug\\" /Fd"Debug\vc120.pdb" /Gd /TP /analyze- /errorReport:prompt Source1.cpp
         Source1.cpp
       Link:
         C:\Program Files (x86)\Microsoft Visual Studio 12.0\VC\bin\link.exe /ERRORREPORT:PROMPT /OUT:"C:\Users\sh137738\Documents\Visual Studio 2013\Projects\Dice Test 1\Debug\Dice Test 1.exe" /INCREMENTAL /NOLOGO kernel32.lib user32.lib gdi32.lib winspool.lib comdlg32.lib advapi32.lib shell32.lib ole32.lib oleaut32.lib uuid.lib odbc32.lib odbccp32.lib /MANIFEST /MANIFESTUAC:"level='asInvoker' uiAccess='false'" /manifest:embed /DEBUG /PDB:"C:\Users\sh137738\Documents\Visual Studio 2013\Projects\Dice Test 1\Debug\Dice Test 1.pdb" /TLBID:1 /DYNAMICBASE /NXCOMPAT /IMPLIB:"C:\Users\sh137738\Documents\Visual Studio 2013\Projects\Dice Test 1\Debug\Dice Test 1.lib" /MACHINE:X86 Debug\Source.obj
         Debug\Source1.obj
     1>Source1.obj : error LNK2005: _main already defined in Source.obj
     1>C:\Users\sh137738\Documents\Visual Studio 2013\Projects\Dice Test 1\Debug\Dice Test 1.exe : fatal error LNK1169: one or more multiply defined symbols found
     1>Done Building Project "C:\Users\sh137738\Documents\Visual Studio 2013\Projects\Dice Test 1\Dice Test 1\Dice Test 1.vcxproj" (Build target(s)) -- FAILED.

Build FAILED.

Time Elapsed 00:00:01.60
